TN:
SF:src/index.ts
FN:49,j2w
FN:116,thingyanTime
FN:163,thingyan
FNF:3
FNH:3
FNDA:21,j2w
FNDA:4,thingyanTime
FNDA:4,thingyan
DA:13,1
DA:51,21
DA:52,21
DA:53,21
DA:57,21
DA:61,0
DA:62,0
DA:63,0
DA:66,0
DA:67,0
DA:68,0
DA:69,0
DA:70,0
DA:73,0
DA:75,21
DA:76,21
DA:77,21
DA:78,21
DA:79,21
DA:80,21
DA:81,21
DA:82,21
DA:83,21
DA:84,21
DA:85,21
DA:86,21
DA:87,21
DA:88,21
DA:89,21
DA:91,0
DA:92,0
DA:97,21
DA:98,21
DA:99,21
DA:100,21
DA:101,21
DA:104,21
DA:123,4
DA:125,4
DA:127,4
DA:129,4
DA:131,4
DA:133,4
DA:135,4
DA:136,4
DA:163,1
DA:165,4
DA:167,4
DA:170,4
DA:173,4
DA:175,4
DA:194,4
DA:196,4
DA:215,4
DA:217,4
DA:229,4
DA:231,4
DA:244,4
DA:245,1
DA:246,1
DA:257,3
DA:261,4
DA:263,4
DA:275,4
LF:64
LH:53
BRDA:51,0,0,0
BRDA:51,0,1,21
BRDA:51,1,0,21
BRDA:51,1,1,21
BRDA:52,2,0,0
BRDA:52,2,1,21
BRDA:52,3,0,21
BRDA:52,3,1,21
BRDA:57,4,0,0
BRDA:57,4,1,21
BRDA:57,5,0,21
BRDA:57,5,1,21
BRDA:57,5,2,21
BRDA:69,6,0,0
BRDA:69,6,1,0
BRDA:73,7,0,0
BRDA:73,7,1,0
BRDA:88,8,0,21
BRDA:88,8,1,0
BRDA:131,9,0,3
BRDA:131,9,1,1
BRDA:244,10,0,1
BRDA:244,10,1,3
BRF:23
BRH:15
end_of_record
