{"/home/ptm/Documents/Node_js/thingyan/src/index.ts": {"path":"/home/ptm/Documents/Node_js/thingyan/src/index.ts","statementMap":{"0":{"start":{"line":13,"column":20},"end":{"line":13,"column":34}},"1":{"start":{"line":51,"column":13},"end":{"line":51,"column":38}},"2":{"start":{"line":52,"column":13},"end":{"line":52,"column":34}},"3":{"start":{"line":53,"column":13},"end":{"line":53,"column":23}},"4":{"start":{"line":57,"column":2},"end":{"line":94,"column":3}},"5":{"start":{"line":61,"column":4},"end":{"line":61,"column":29}},"6":{"start":{"line":62,"column":4},"end":{"line":62,"column":22}},"7":{"start":{"line":63,"column":4},"end":{"line":63,"column":17}},"8":{"start":{"line":66,"column":4},"end":{"line":66,"column":41}},"9":{"start":{"line":67,"column":4},"end":{"line":67,"column":31}},"10":{"start":{"line":68,"column":4},"end":{"line":68,"column":38}},"11":{"start":{"line":69,"column":4},"end":{"line":69,"column":32}},"12":{"start":{"line":70,"column":4},"end":{"line":70,"column":40}},"13":{"start":{"line":73,"column":4},"end":{"line":73,"column":36}},"14":{"start":{"line":75,"column":4},"end":{"line":75,"column":29}},"15":{"start":{"line":76,"column":4},"end":{"line":76,"column":22}},"16":{"start":{"line":77,"column":4},"end":{"line":77,"column":17}},"17":{"start":{"line":78,"column":4},"end":{"line":78,"column":41}},"18":{"start":{"line":79,"column":4},"end":{"line":79,"column":31}},"19":{"start":{"line":80,"column":4},"end":{"line":80,"column":26}},"20":{"start":{"line":81,"column":4},"end":{"line":81,"column":39}},"21":{"start":{"line":82,"column":4},"end":{"line":82,"column":29}},"22":{"start":{"line":83,"column":4},"end":{"line":83,"column":32}},"23":{"start":{"line":84,"column":4},"end":{"line":84,"column":38}},"24":{"start":{"line":85,"column":4},"end":{"line":85,"column":28}},"25":{"start":{"line":86,"column":4},"end":{"line":86,"column":32}},"26":{"start":{"line":87,"column":4},"end":{"line":87,"column":20}},"27":{"start":{"line":88,"column":4},"end":{"line":93,"column":5}},"28":{"start":{"line":89,"column":6},"end":{"line":89,"column":13}},"29":{"start":{"line":91,"column":6},"end":{"line":91,"column":13}},"30":{"start":{"line":92,"column":6},"end":{"line":92,"column":16}},"31":{"start":{"line":97,"column":2},"end":{"line":97,"column":11}},"32":{"start":{"line":98,"column":2},"end":{"line":98,"column":21}},"33":{"start":{"line":99,"column":2},"end":{"line":99,"column":21}},"34":{"start":{"line":100,"column":2},"end":{"line":100,"column":21}},"35":{"start":{"line":101,"column":2},"end":{"line":101,"column":20}},"36":{"start":{"line":104,"column":2},"end":{"line":104,"column":70}},"37":{"start":{"line":123,"column":21},"end":{"line":123,"column":41}},"38":{"start":{"line":125,"column":22},"end":{"line":125,"column":26}},"39":{"start":{"line":127,"column":21},"end":{"line":127,"column":34}},"40":{"start":{"line":129,"column":21},"end":{"line":129,"column":35}},"41":{"start":{"line":131,"column":27},"end":{"line":131,"column":59}},"42":{"start":{"line":133,"column":21},"end":{"line":133,"column":34}},"43":{"start":{"line":135,"column":21},"end":{"line":135,"column":35}},"44":{"start":{"line":136,"column":2},"end":{"line":136,"column":28}},"45":{"start":{"line":165,"column":25},"end":{"line":165,"column":27}},"46":{"start":{"line":167,"column":27},"end":{"line":167,"column":33}},"47":{"start":{"line":170,"column":17},"end":{"line":170,"column":37}},"48":{"start":{"line":173,"column":15},"end":{"line":173,"column":37}},"49":{"start":{"line":175,"column":30},"end":{"line":191,"column":4}},"50":{"start":{"line":194,"column":15},"end":{"line":194,"column":37}},"51":{"start":{"line":196,"column":30},"end":{"line":212,"column":4}},"52":{"start":{"line":215,"column":15},"end":{"line":215,"column":41}},"53":{"start":{"line":217,"column":26},"end":{"line":226,"column":4}},"54":{"start":{"line":229,"column":16},"end":{"line":229,"column":42}},"55":{"start":{"line":231,"column":27},"end":{"line":240,"column":4}},"56":{"start":{"line":244,"column":2},"end":{"line":258,"column":3}},"57":{"start":{"line":245,"column":19},"end":{"line":245,"column":45}},"58":{"start":{"line":246,"column":4},"end":{"line":255,"column":7}},"59":{"start":{"line":257,"column":4},"end":{"line":257,"column":19}},"60":{"start":{"line":261,"column":18},"end":{"line":261,"column":44}},"61":{"start":{"line":263,"column":29},"end":{"line":272,"column":4}},"62":{"start":{"line":275,"column":2},"end":{"line":284,"column":4}},"63":{"start":{"line":163,"column":0},"end":{"line":163,"column":16}}},"fnMap":{"0":{"name":"j2w","decl":{"start":{"line":49,"column":9},"end":{"line":49,"column":12}},"loc":{"start":{"line":49,"column":25},"end":{"line":105,"column":1}}},"1":{"name":"thingyanTime","decl":{"start":{"line":116,"column":9},"end":{"line":116,"column":21}},"loc":{"start":{"line":116,"column":32},"end":{"line":137,"column":1}}},"2":{"name":"thingyan","decl":{"start":{"line":163,"column":16},"end":{"line":163,"column":24}},"loc":{"start":{"line":163,"column":35},"end":{"line":285,"column":1}}}},"branchMap":{"0":{"loc":{"start":{"line":51,"column":13},"end":{"line":51,"column":38}},"type":"cond-expr","locations":[{"start":{"line":51,"column":33},"end":{"line":51,"column":37}},{"start":{"line":51,"column":37},"end":{"line":51,"column":38}}]},"1":{"loc":{"start":{"line":51,"column":13},"end":{"line":51,"column":37}},"type":"binary-expr","locations":[{"start":{"line":51,"column":13},"end":{"line":51,"column":37}},{"start":{"line":51,"column":33},"end":{"line":51,"column":37}}]},"2":{"loc":{"start":{"line":52,"column":13},"end":{"line":52,"column":34}},"type":"cond-expr","locations":[{"start":{"line":52,"column":23},"end":{"line":52,"column":27}},{"start":{"line":52,"column":27},"end":{"line":52,"column":34}}]},"3":{"loc":{"start":{"line":52,"column":13},"end":{"line":52,"column":27}},"type":"binary-expr","locations":[{"start":{"line":52,"column":13},"end":{"line":52,"column":27}},{"start":{"line":52,"column":23},"end":{"line":52,"column":27}}]},"4":{"loc":{"start":{"line":57,"column":2},"end":{"line":94,"column":3}},"type":"if","locations":[{"start":{"line":57,"column":2},"end":{"line":94,"column":3}},{"start":{"line":74,"column":9},"end":{"line":94,"column":3}}]},"5":{"loc":{"start":{"line":57,"column":6},"end":{"line":57,"column":37}},"type":"binary-expr","locations":[{"start":{"line":57,"column":6},"end":{"line":57,"column":13}},{"start":{"line":57,"column":18},"end":{"line":57,"column":25}},{"start":{"line":57,"column":29},"end":{"line":57,"column":36}}]},"6":{"loc":{"start":{"line":69,"column":8},"end":{"line":69,"column":31}},"type":"cond-expr","locations":[{"start":{"line":69,"column":17},"end":{"line":69,"column":23}},{"start":{"line":69,"column":26},"end":{"line":69,"column":31}}]},"7":{"loc":{"start":{"line":73,"column":8},"end":{"line":73,"column":35}},"type":"cond-expr","locations":[{"start":{"line":73,"column":16},"end":{"line":73,"column":24}},{"start":{"line":73,"column":27},"end":{"line":73,"column":35}}]},"8":{"loc":{"start":{"line":88,"column":4},"end":{"line":93,"column":5}},"type":"if","locations":[{"start":{"line":88,"column":4},"end":{"line":93,"column":5}},{"start":{"line":90,"column":11},"end":{"line":93,"column":5}}]},"9":{"loc":{"start":{"line":131,"column":27},"end":{"line":131,"column":59}},"type":"cond-expr","locations":[{"start":{"line":131,"column":39},"end":{"line":131,"column":50}},{"start":{"line":131,"column":53},"end":{"line":131,"column":59}}]},"10":{"loc":{"start":{"line":244,"column":2},"end":{"line":258,"column":3}},"type":"if","locations":[{"start":{"line":244,"column":2},"end":{"line":258,"column":3}},{"start":{"line":256,"column":9},"end":{"line":258,"column":3}}]}},"s":{"0":1,"1":21,"2":21,"3":21,"4":21,"5":0,"6":0,"7":0,"8":0,"9":0,"10":0,"11":0,"12":0,"13":0,"14":21,"15":21,"16":21,"17":21,"18":21,"19":21,"20":21,"21":21,"22":21,"23":21,"24":21,"25":21,"26":21,"27":21,"28":21,"29":0,"30":0,"31":21,"32":21,"33":21,"34":21,"35":21,"36":21,"37":4,"38":4,"39":4,"40":4,"41":4,"42":4,"43":4,"44":4,"45":4,"46":4,"47":4,"48":4,"49":4,"50":4,"51":4,"52":4,"53":4,"54":4,"55":4,"56":4,"57":1,"58":1,"59":3,"60":4,"61":4,"62":4,"63":1},"f":{"0":21,"1":4,"2":4},"b":{"0":[0,21],"1":[21,21],"2":[0,21],"3":[21,21],"4":[0,21],"5":[21,21,21],"6":[0,0],"7":[0,0],"8":[21,0],"9":[3,1],"10":[1,3]}}
}
